[2021-11-18 13:30:12,968][get_token.py:26][INFO] : 获取账号test_account2的token
[2021-11-18 13:30:13,389][add_bankcard.py:24][INFO] : 向Excel中写入header
[2021-11-18 13:30:13,392][get_token.py:26][INFO] : 获取账号test_account1的token
[2021-11-18 13:30:13,820][add_bankcard.py:33][INFO] : ................开始执行用例................
[2021-11-18 13:30:13,820][add_bankcard.py:40][INFO] : 当前执行用例：新增银行卡
[2021-11-18 13:30:14,375][add_bankcard.py:52][ERROR] : 断言失败'success' != '该卡号银行卡已添加,请勿重复添加'
- success
+ 该卡号银行卡已添加,请勿重复添加

[2021-11-18 13:30:14,376][add_bankcard.py:33][INFO] : ................开始执行用例................
[2021-11-18 13:30:14,376][add_bankcard.py:40][INFO] : 当前执行用例：持卡人姓名为空
[2021-11-18 13:30:14,885][add_bankcard.py:52][ERROR] : 断言失败'success' != '该卡号银行卡已添加,请勿重复添加'
- success
+ 该卡号银行卡已添加,请勿重复添加

[2021-11-18 13:30:14,885][add_bankcard.py:33][INFO] : ................开始执行用例................
[2021-11-18 13:30:14,885][add_bankcard.py:40][INFO] : 当前执行用例：银行卡账号为空
[2021-11-18 13:30:15,392][add_bankcard.py:57][INFO] : 当前预期结果：银行账号不能为空！,实际返回结果:银行账号不能为空！
[2021-11-18 13:30:15,393][add_bankcard.py:33][INFO] : ................开始执行用例................
[2021-11-18 13:30:15,393][add_bankcard.py:40][INFO] : 当前执行用例：银行卡id为空
[2021-11-18 13:30:15,926][add_bankcard.py:52][ERROR] : 断言失败'银行id不能为空！' != '该卡号银行卡已添加,请勿重复添加'
- 银行id不能为空！
+ 该卡号银行卡已添加,请勿重复添加

[2021-11-18 13:30:15,927][add_bankcard.py:33][INFO] : ................开始执行用例................
[2021-11-18 13:30:15,927][add_bankcard.py:40][INFO] : 当前执行用例：银行开户地址为空
[2021-11-18 13:30:16,446][add_bankcard.py:57][INFO] : 当前预期结果：开户地址不能为空！,实际返回结果:开户地址不能为空！
[2021-11-18 13:30:16,446][add_bankcard.py:33][INFO] : ................开始执行用例................
[2021-11-18 13:30:16,447][add_bankcard.py:40][INFO] : 当前执行用例：添加银行卡卡号重复
[2021-11-18 13:30:16,965][add_bankcard.py:57][INFO] : 当前预期结果：该卡号银行卡已添加,请勿重复添加,实际返回结果:该卡号银行卡已添加,请勿重复添加
[2021-11-18 13:30:16,966][bank_list.py:32][INFO] : ................开始执行用例................
[2021-11-18 13:30:16,966][bank_list.py:39][INFO] : 当前执行用例：获取用户银行卡列表, 请求url:/bankcard/banklist
[2021-11-18 13:30:17,584][bank_list.py:56][INFO] : 当前断言部分：预期:success,实际：success
[2021-11-18 13:42:50,919][get_token.py:26][INFO] : 获取账号test_account2的token
[2021-11-18 13:42:51,237][get_token.py:41][ERROR] : 请求失败{"code":999,"msg":"IP被封，请联系客服","data":null}
[2021-11-18 13:42:51,256][add_bankcard.py:24][INFO] : 向Excel中写入header
[2021-11-18 13:42:51,258][get_token.py:26][INFO] : 获取账号test_account1的token
[2021-11-18 13:42:51,584][get_token.py:41][ERROR] : 请求失败{"code":999,"msg":"IP被封，请联系客服","data":null}
[2021-11-18 13:42:51,603][add_bankcard.py:33][INFO] : ................开始执行用例................
[2021-11-18 13:42:51,603][add_bankcard.py:40][INFO] : 当前执行用例：新增银行卡
[2021-11-18 13:42:51,604][add_bankcard.py:33][INFO] : ................开始执行用例................
[2021-11-18 13:42:51,604][add_bankcard.py:40][INFO] : 当前执行用例：持卡人姓名为空
[2021-11-18 13:42:51,605][add_bankcard.py:33][INFO] : ................开始执行用例................
[2021-11-18 13:42:51,605][add_bankcard.py:40][INFO] : 当前执行用例：银行卡账号为空
[2021-11-18 13:42:51,605][add_bankcard.py:33][INFO] : ................开始执行用例................
[2021-11-18 13:42:51,605][add_bankcard.py:40][INFO] : 当前执行用例：银行卡id为空
[2021-11-18 13:42:51,614][add_bankcard.py:33][INFO] : ................开始执行用例................
[2021-11-18 13:42:51,615][add_bankcard.py:40][INFO] : 当前执行用例：银行开户地址为空
[2021-11-18 13:42:51,618][add_bankcard.py:33][INFO] : ................开始执行用例................
[2021-11-18 13:42:51,618][add_bankcard.py:40][INFO] : 当前执行用例：添加银行卡卡号重复
[2021-11-18 13:42:51,618][bank_list.py:32][INFO] : ................开始执行用例................
[2021-11-18 13:42:51,618][bank_list.py:39][INFO] : 当前执行用例：获取用户银行卡列表, 请求url:/bankcard/banklist
